Build started 20.01.2014 17:19:41.
     1>Project "D:\Github\UCTDom\Console\Console\Console.vcxproj" on node 2 (build target(s)).
     1>InitializeBuildStatus:
         Touching "Debug\Console.unsuccessfulbuild".
       ClCompile:
         d:\Programmer\Microsoft Visual Studio 10.0\VC\bin\CL.exe /c /ZI /nologo /W3 /WX- /Od /Oy- /D _MBCS /Gm /EHsc /RTC1 /MDd /GS /fp:precise /Zc:wchar_t /Zc:forScope /Fo"Debug\\" /Fd"Debug\vc100.pdb" /Gd /TP /analyze- /errorReport:prompt game.cpp
         game.cpp
     1>d:\github\uctdom\console\console\game.h(9): error C2146: syntax error : missing ';' before identifier 'players'
     1>d:\github\uctdom\console\console\game.h(9): error C4430: missing type specifier - int assumed. Note: C++ does not support default-int
     1>d:\github\uctdom\console\console\game.h(9): error C4430: missing type specifier - int assumed. Note: C++ does not support default-int
     1>d:\github\uctdom\console\console\game.h(10): error C2146: syntax error : missing ';' before identifier 'cardstacks'
     1>d:\github\uctdom\console\console\game.h(10): error C4430: missing type specifier - int assumed. Note: C++ does not support default-int
     1>d:\github\uctdom\console\console\game.h(10): error C4430: missing type specifier - int assumed. Note: C++ does not support default-int
     1>d:\github\uctdom\console\console\game.h(11): error C2146: syntax error : missing ';' before identifier 'play_game'
     1>d:\github\uctdom\console\console\game.h(11): error C4430: missing type specifier - int assumed. Note: C++ does not support default-int
     1>d:\github\uctdom\console\console\game.h(11): error C4430: missing type specifier - int assumed. Note: C++ does not support default-int
     1>d:\github\uctdom\console\console\game.h(11): warning C4183: 'play_game': missing return type; assumed to be a member function returning 'int'
     1>d:\programmer\microsoft visual studio 10.0\vc\include\iostream(10): error C2143: syntax error : missing ';' before 'namespace'
     1>d:\github\uctdom\console\console\game.cpp(6): error C2143: syntax error : missing ';' before 'game::play_game'
     1>d:\github\uctdom\console\console\game.cpp(6): error C4430: missing type specifier - int assumed. Note: C++ does not support default-int
     1>d:\github\uctdom\console\console\game.cpp(7): error C4430: missing type specifier - int assumed. Note: C++ does not support default-int
     1>d:\github\uctdom\console\console\game.cpp(8): error C2761: 'int game::playerTurn' : member function redeclaration not allowed
     1>d:\github\uctdom\console\console\game.cpp(8): fatal error C1903: unable to recover from previous error(s); stopping compilation
     1>Done Building Project "D:\Github\UCTDom\Console\Console\Console.vcxproj" (build target(s)) -- FAILED.

Build FAILED.

Time Elapsed 00:00:00.53
